  Source.c
C:\Program Files (x86)\Windows Kits\10\Include\10.0.19041.0\ucrt\stdlib.h(53,1): warning C4005: 'EXIT_FAILURE': macro redefinition
C:\Users\MSGW FILIGHT\Desktop\Danijel_Josip\Strukture_Podataka\8.zadatak pod b\8.zadatak pod b\Source.c(16): message : see previous definition of 'EXIT_FAILURE'
C:\Users\MSGW FILIGHT\Desktop\Danijel_Josip\Strukture_Podataka\8.zadatak pod b\8.zadatak pod b\Source.c(65,20): warning C4477: 'fscanf' : format string '%s' requires an argument of type 'char *', but variadic argument 1 has type 'char **'
C:\Users\MSGW FILIGHT\Desktop\Danijel_Josip\Strukture_Podataka\8.zadatak pod b\8.zadatak pod b\Source.c(65,20): warning C4477: 'fscanf' : format string '%s' requires an argument of type 'char *', but variadic argument 2 has type 'char **'
C:\Users\MSGW FILIGHT\Desktop\Danijel_Josip\Strukture_Podataka\8.zadatak pod b\8.zadatak pod b\Source.c(66,43): warning C4047: 'function': 'char *' differs in levels of indirection from 'char *[128]'
C:\Users\MSGW FILIGHT\Desktop\Danijel_Josip\Strukture_Podataka\8.zadatak pod b\8.zadatak pod b\Source.c(66,32): warning C4024: 'create_country': different types for formal and actual parameter 1
C:\Users\MSGW FILIGHT\Desktop\Danijel_Josip\Strukture_Podataka\8.zadatak pod b\8.zadatak pod b\Source.c(67,10): warning C4477: 'printf' : format string '%s' requires an argument of type 'char *', but variadic argument 1 has type 'char **'
C:\Users\MSGW FILIGHT\Desktop\Danijel_Josip\Strukture_Podataka\8.zadatak pod b\8.zadatak pod b\Source.c(68,51): warning C4047: 'function': 'char *' differs in levels of indirection from 'char *[128]'
C:\Users\MSGW FILIGHT\Desktop\Danijel_Josip\Strukture_Podataka\8.zadatak pod b\8.zadatak pod b\Source.c(68,43): warning C4024: 'read_city_file': different types for formal and actual parameter 2
C:\Users\MSGW FILIGHT\Desktop\Danijel_Josip\Strukture_Podataka\8.zadatak pod b\8.zadatak pod b\Source.c(77,10): warning C4477: 'printf' : format string '%s' requires an argument of type 'char *', but variadic argument 1 has type 'char **'
C:\Users\MSGW FILIGHT\Desktop\Danijel_Josip\Strukture_Podataka\8.zadatak pod b\8.zadatak pod b\Source.c(82,10): warning C4477: 'printf' : format string '%s' requires an argument of type 'char *', but variadic argument 1 has type 'char **'
C:\Users\MSGW FILIGHT\Desktop\Danijel_Josip\Strukture_Podataka\8.zadatak pod b\8.zadatak pod b\Source.c(82,10): warning C4477: 'printf' : format string '%s' requires an argument of type 'char *', but variadic argument 2 has type 'char **'
C:\Users\MSGW FILIGHT\Desktop\Danijel_Josip\Strukture_Podataka\8.zadatak pod b\8.zadatak pod b\Source.c(86,10): warning C4477: 'printf' : format string '%s' requires an argument of type 'char *', but variadic argument 1 has type 'char **'
C:\Users\MSGW FILIGHT\Desktop\Danijel_Josip\Strukture_Podataka\8.zadatak pod b\8.zadatak pod b\Source.c(86,10): warning C4477: 'printf' : format string '%s' requires an argument of type 'char *', but variadic argument 2 has type 'char **'
C:\Users\MSGW FILIGHT\Desktop\Danijel_Josip\Strukture_Podataka\8.zadatak pod b\8.zadatak pod b\Source.c(97,22): warning C4047: 'return': 'countryP' differs in levels of indirection from 'int'
C:\Users\MSGW FILIGHT\Desktop\Danijel_Josip\Strukture_Podataka\8.zadatak pod b\8.zadatak pod b\Source.c(100,26): warning C4047: 'function': 'char *' differs in levels of indirection from 'char *[128]'
C:\Users\MSGW FILIGHT\Desktop\Danijel_Josip\Strukture_Podataka\8.zadatak pod b\8.zadatak pod b\Source.c(100,20): warning C4024: 'strcpy': different types for formal and actual parameter 1
C:\Users\MSGW FILIGHT\Desktop\Danijel_Josip\Strukture_Podataka\8.zadatak pod b\8.zadatak pod b\Source.c(119,20): warning C4477: 'fscanf' : format string '%s' requires an argument of type 'char *', but variadic argument 1 has type 'char **'
C:\Users\MSGW FILIGHT\Desktop\Danijel_Josip\Strukture_Podataka\8.zadatak pod b\8.zadatak pod b\Source.c(120,35): warning C4047: 'function': 'char *' differs in levels of indirection from 'char *[128]'
C:\Users\MSGW FILIGHT\Desktop\Danijel_Josip\Strukture_Podataka\8.zadatak pod b\8.zadatak pod b\Source.c(120,26): warning C4024: 'create_city': different types for formal and actual parameter 1
C:\Users\MSGW FILIGHT\Desktop\Danijel_Josip\Strukture_Podataka\8.zadatak pod b\8.zadatak pod b\Source.c(121,10): warning C4477: 'printf' : format string '%s' requires an argument of type 'char *', but variadic argument 1 has type 'char **'
C:\Users\MSGW FILIGHT\Desktop\Danijel_Josip\Strukture_Podataka\8.zadatak pod b\8.zadatak pod b\Source.c(136,22): warning C4047: 'return': 'cityP' differs in levels of indirection from 'int'
C:\Users\MSGW FILIGHT\Desktop\Danijel_Josip\Strukture_Podataka\8.zadatak pod b\8.zadatak pod b\Source.c(139,23): warning C4047: 'function': 'char *' differs in levels of indirection from 'char *[128]'
C:\Users\MSGW FILIGHT\Desktop\Danijel_Josip\Strukture_Podataka\8.zadatak pod b\8.zadatak pod b\Source.c(139,17): warning C4024: 'strcpy': different types for formal and actual parameter 1
C:\Users\MSGW FILIGHT\Desktop\Danijel_Josip\Strukture_Podataka\8.zadatak pod b\8.zadatak pod b\Source.c(149,10): warning C4477: 'printf' : format string '%s' requires an argument of type 'char *', but variadic argument 1 has type 'char **'
C:\Users\MSGW FILIGHT\Desktop\Danijel_Josip\Strukture_Podataka\8.zadatak pod b\8.zadatak pod b\Source.c(154,11): warning C4477: 'printf' : format string '%s' requires an argument of type 'char *', but variadic argument 1 has type 'char **'
C:\Users\MSGW FILIGHT\Desktop\Danijel_Josip\Strukture_Podataka\8.zadatak pod b\8.zadatak pod b\Source.c(154,11): warning C4477: 'printf' : format string '%s' requires an argument of type 'char *', but variadic argument 2 has type 'char **'
C:\Users\MSGW FILIGHT\Desktop\Danijel_Josip\Strukture_Podataka\8.zadatak pod b\8.zadatak pod b\Source.c(163,10): warning C4477: 'printf' : format string '%s' requires an argument of type 'char *', but variadic argument 1 has type 'char **'
C:\Users\MSGW FILIGHT\Desktop\Danijel_Josip\Strukture_Podataka\8.zadatak pod b\8.zadatak pod b\Source.c(168,10): warning C4477: 'printf' : format string '%s' requires an argument of type 'char *', but variadic argument 1 has type 'char **'
C:\Users\MSGW FILIGHT\Desktop\Danijel_Josip\Strukture_Podataka\8.zadatak pod b\8.zadatak pod b\Source.c(168,10): warning C4477: 'printf' : format string '%s' requires an argument of type 'char *', but variadic argument 2 has type 'char **'
C:\Users\MSGW FILIGHT\Desktop\Danijel_Josip\Strukture_Podataka\8.zadatak pod b\8.zadatak pod b\Source.c(177,25): warning C4047: 'function': 'const char *' differs in levels of indirection from 'char *[128]'
C:\Users\MSGW FILIGHT\Desktop\Danijel_Josip\Strukture_Podataka\8.zadatak pod b\8.zadatak pod b\Source.c(177,19): warning C4024: 'strcmp': different types for formal and actual parameter 1
C:\Users\MSGW FILIGHT\Desktop\Danijel_Josip\Strukture_Podataka\8.zadatak pod b\8.zadatak pod b\Source.c(177,39): warning C4047: 'function': 'const char *' differs in levels of indirection from 'char *[128]'
C:\Users\MSGW FILIGHT\Desktop\Danijel_Josip\Strukture_Podataka\8.zadatak pod b\8.zadatak pod b\Source.c(177,33): warning C4024: 'strcmp': different types for formal and actual parameter 2
C:\Users\MSGW FILIGHT\Desktop\Danijel_Josip\Strukture_Podataka\8.zadatak pod b\8.zadatak pod b\Source.c(199,9): warning C4477: 'printf' : format string '%s' requires an argument of type 'char *', but variadic argument 1 has type 'char **'
C:\Users\MSGW FILIGHT\Desktop\Danijel_Josip\Strukture_Podataka\8.zadatak pod b\8.zadatak pod b\Source.c(210,11): warning C4477: 'printf' : format string '%s' requires an argument of type 'char *', but variadic argument 1 has type 'char **'
C:\Users\MSGW FILIGHT\Desktop\Danijel_Josip\Strukture_Podataka\8.zadatak pod b\8.zadatak pod b\Source.c(235,23): warning C4047: 'function': 'const char *' differs in levels of indirection from 'char *[128]'
C:\Users\MSGW FILIGHT\Desktop\Danijel_Josip\Strukture_Podataka\8.zadatak pod b\8.zadatak pod b\Source.c(235,17): warning C4024: 'strcmp': different types for formal and actual parameter 1
C:\Users\MSGW FILIGHT\Desktop\Danijel_Josip\Strukture_Podataka\8.zadatak pod b\8.zadatak pod b\Source.c(205): warning C4716: 'print_country': must return a value
C:\Users\MSGW FILIGHT\Desktop\Danijel_Josip\Strukture_Podataka\8.zadatak pod b\8.zadatak pod b\Source.c(213): warning C4716: 'print_city': must return a value
  8.zadatak pod b.vcxproj -> C:\Users\MSGW FILIGHT\Desktop\Danijel_Josip\Strukture_Podataka\8.zadatak pod b\x64\Debug\8.zadatak pod b.exe
